<?xml version="1.0" encoding="UTF-8"?>
<persistence version="2.1"
	xmlns="http://xmlns.jcp.org/xml/ns/persistence" xmlns:xsi="http://www.w3.org/2001/XMLSchema-instance"
	xsi:schemaLocation="http://xmlns.jcp.org/xml/ns/persistence http://xmlns.jcp.org/xml/ns/persistence/persistence_2_1.xsd">
	<persistence-unit name="school">
		<jta-data-source>java:/schoolstage</jta-data-source>
		<class>com.esprit.persistance.Degree</class>
		<class>com.esprit.persistance.Sprint</class>
		<class>com.esprit.persistance.Student</class>
		<class>com.esprit.persistance.Team</class>
		<properties>
			<property name="javax.persistence.schema-generation.database.action"
				value="drop-and-create" />
			<property name="hibernate.show_sql" value="true" />
			<property name="hibernate.format_sql" value="true" />
		</properties>
	</persistence-unit>
</persistence>
